Using pre-set license
Built from '2023.1/staging' branch; Version is '2023.1.13f1 (ffeab063bb93) revision 16771760'; Using compiler version '192829333'; Build Type 'Release'
OS: 'Windows 10  (10.0.19045) 64bit Core' Language: 'en' Physical Memory: 16334 MB
BatchMode: 1, IsHumanControllingUs: 0, StartBugReporterOnCrash: 0, Is64bit: 1, IsPro: 1

COMMAND LINE ARGUMENTS:
C:\Program Files\Unity\Hub\Editor\2023.1.13f1\Editor\Unity.exe
-adb2
-batchMode
-noUpm
-name
AssetImportWorker0
-projectPath
C:/Users/ihsan/OneDrive/Desktop/Uni/Modules/YEAR 3/Game Dev/Survival-Craft-Game
-logFile
Logs/AssetImportWorker0.log
-srvPort
50486
Successfully changed project path to: C:/Users/ihsan/OneDrive/Desktop/Uni/Modules/YEAR 3/Game Dev/Survival-Craft-Game
C:/Users/ihsan/OneDrive/Desktop/Uni/Modules/YEAR 3/Game Dev/Survival-Craft-Game
[UnityMemory] Configuration Parameters - Can be set up in boot.config
    "memorysetup-bucket-allocator-granularity=16"
    "memorysetup-bucket-allocator-bucket-count=8"
    "memorysetup-bucket-allocator-block-size=33554432"
    "memorysetup-bucket-allocator-block-count=8"
    "memorysetup-main-allocator-block-size=16777216"
    "memorysetup-thread-allocator-block-size=16777216"
    "memorysetup-gfx-main-allocator-block-size=16777216"
    "memorysetup-gfx-thread-allocator-block-size=16777216"
    "memorysetup-cache-allocator-block-size=4194304"
    "memorysetup-typetree-allocator-block-size=2097152"
    "memorysetup-profiler-bucket-allocator-granularity=16"
    "memorysetup-profiler-bucket-allocator-bucket-count=8"
    "memorysetup-profiler-bucket-allocator-block-size=33554432"
    "memorysetup-profiler-bucket-allocator-block-count=8"
    "memorysetup-profiler-allocator-block-size=16777216"
    "memorysetup-profiler-editor-allocator-block-size=1048576"
    "memorysetup-temp-allocator-size-main=16777216"
    "memorysetup-job-temp-allocator-block-size=2097152"
    "memorysetup-job-temp-allocator-block-size-background=1048576"
    "memorysetup-job-temp-allocator-reduction-small-platforms=262144"
    "memorysetup-allocator-temp-initial-block-size-main=262144"
    "memorysetup-allocator-temp-initial-block-size-worker=262144"
    "memorysetup-temp-allocator-size-background-worker=32768"
    "memorysetup-temp-allocator-size-job-worker=262144"
    "memorysetup-temp-allocator-size-preload-manager=33554432"
    "memorysetup-temp-allocator-size-nav-mesh-worker=65536"
    "memorysetup-temp-allocator-size-audio-worker=65536"
    "memorysetup-temp-allocator-size-cloud-worker=32768"
    "memorysetup-temp-allocator-size-gi-baking-worker=262144"
    "memorysetup-temp-allocator-size-gfx=262144"
Player connection [13404] Host "[IP] 192.168.0.78 [Port] 0 [Flags] 2 [Guid] 121807082 [EditorId] 121807082 [Version] 1048832 [Id] WindowsEditor(7,HOME) [Debug] 1 [PackageName] WindowsEditor [ProjectName] Editor" joined multi-casting on [225.0.0.222:54997]...

Player connection [13404] Host "[IP] 192.168.0.78 [Port] 0 [Flags] 2 [Guid] 121807082 [EditorId] 121807082 [Version] 1048832 [Id] WindowsEditor(7,HOME) [Debug] 1 [PackageName] WindowsEditor [ProjectName] Editor" joined alternative multi-casting on [225.0.0.222:34997]...

[Physics::Module] Initialized MultithreadedJobDispatcher with 11 workers.
Library Redirect Path: Library/Refreshing native plugins compatible for Editor in 27.88 ms, found 3 plugins.
Preloading 0 native plugins for Editor in 0.00 ms.
Initialize engine version: 2023.1.13f1 (ffeab063bb93)
[Subsystems] Discovering subsystems at path C:/Program Files/Unity/Hub/Editor/2023.1.13f1/Editor/Data/Resources/UnitySubsystems
[Subsystems] Discovering subsystems at path C:/Users/ihsan/OneDrive/Desktop/Uni/Modules/YEAR 3/Game Dev/Survival-Craft-Game/Assets
GfxDevice: creating device client; threaded=0; jobified=0
Direct3D:
    Version:  Direct3D 11.0 [level 11.1]
    Renderer: AMD Radeon RX 6600 XT (ID=0x73ff)
    Vendor:   ATI
    VRAM:     8147 MB
    Driver:   31.0.12029.1042
Initialize mono
Mono path[0] = 'C:/Program Files/Unity/Hub/Editor/2023.1.13f1/Editor/Data/Managed'
Mono path[1] = 'C:/Program Files/Unity/Hub/Editor/2023.1.13f1/Editor/Data/MonoBleedingEdge/lib/mono/unityjit-win32'
Mono config path = 'C:/Program Files/Unity/Hub/Editor/2023.1.13f1/Editor/Data/MonoBleedingEdge/etc'
Using monoOptions --debugger-agent=transport=dt_socket,embedding=1,server=y,suspend=n,address=127.0.0.1:56048
Begin MonoManager ReloadAssembly
C:\build\output\Unity-Technologies\mono\mono\metadata\icall.c:1842:
C:\build\output\Unity-Technologies\mono\mono\metadata\icall.c:1842:
C:\build\output\Unity-Technologies\mono\mono\metadata\icall.c:1842:
C:\build\output\Unity-Technologies\mono\mono\metadata\icall.c:1842:
C:\build\output\Unity-Technologies\mono\mono\metadata\icall.c:1842:
C:\build\output\Unity-Technologies\mono\mono\metadata\icall.c:1842:
C:\build\output\Unity-Technologies\mono\mono\metadata\icall.c:1842:
C:\build\output\Unity-Technologies\mono\mono\metadata\icall.c:1842:
C:\build\output\Unity-Technologies\mono\mono\metadata\icall.c:1842:
C:\build\output\Unity-Technologies\mono\mono\metadata\icall.c:1842:
Registering precompiled unity dll's ...
Register platform support module: C:/Program Files/Unity/Hub/Editor/2023.1.13f1/Editor/Data/PlaybackEngines/WebGLSupport/UnityEditor.WebGL.Extensions.dll
Register platform support module: C:/Program Files/Unity/Hub/Editor/2023.1.13f1/Editor/Data/PlaybackEngines/WindowsStandaloneSupport/UnityEditor.WindowsStandalone.Extensions.dll
Registered in 0.019813 seconds.
- Loaded All Assemblies, in  0.637 seconds
Native extension for WindowsStandalone target not found
Native extension for WebGL target not found
Mono: successfully reloaded assembly
C:\build\output\Unity-Technologies\mono\mono\metadata\icall.c:1842:
C:\build\output\Unity-Technologies\mono\mono\metadata\icall.c:1842:
- Finished resetting the current domain, in  0.327 seconds
Domain Reload Profiling: 946ms
	BeginReloadAssembly (220ms)
		ExecutionOrderSort (0ms)
		DisableScriptedObjects (0ms)
		BackupInstance (0ms)
		ReleaseScriptingObjects (0ms)
		CreateAndSetChildDomain (1ms)
	RebuildCommonClasses (52ms)
	RebuildNativeTypeToScriptingClass (14ms)
	initialDomainReloadingComplete (105ms)
	LoadAllAssembliesAndSetupDomain (227ms)
		LoadAssemblies (201ms)
		RebuildTransferFunctionScriptingTraits (0ms)
		AnalyzeDomain (203ms)
			TypeCache.Refresh (202ms)
				TypeCache.ScanAssembly (185ms)
			ScanForSourceGeneratedMonoScriptInfo (0ms)
			ResolveRequiredComponents (0ms)
	FinalizeReload (328ms)
		ReleaseScriptCaches (0ms)
		RebuildScriptCaches (0ms)
		SetupLoadedEditorAssemblies (278ms)
			LogAssemblyErrors (0ms)
			InitializePlatformSupportModulesInManaged (15ms)
			SetLoadedEditorAssemblies (6ms)
			BeforeProcessingInitializeOnLoad (7ms)
			ProcessInitializeOnLoadAttributes (189ms)
			ProcessInitializeOnLoadMethodAttributes (61ms)
			AfterProcessingInitializeOnLoad (0ms)
			EditorAssembliesLoaded (0ms)
		ExecutionOrderSort2 (0ms)
		AwakeInstancesAfterBackupRestoration (0ms)
========================================================================
Worker process is ready to serve import requests
Import Worker Mode flag is 0x00
Begin MonoManager ReloadAssembly
C:\build\output\Unity-Technologies\mono\mono\metadata\icall.c:1842:
C:\build\output\Unity-Technologies\mono\mono\metadata\icall.c:1842:
C:\build\output\Unity-Technologies\mono\mono\metadata\icall.c:1842:
C:\build\output\Unity-Technologies\mono\mono\metadata\icall.c:1842:
C:\build\output\Unity-Technologies\mono\mono\metadata\icall.c:1842:
C:\build\output\Unity-Technologies\mono\mono\metadata\icall.c:1842:
C:\build\output\Unity-Technologies\mono\mono\metadata\icall.c:1842:
C:\build\output\Unity-Technologies\mono\mono\metadata\icall.c:1842:
C:\build\output\Unity-Technologies\mono\mono\metadata\icall.c:1842:
C:\build\output\Unity-Technologies\mono\mono\metadata\icall.c:1842:
C:\build\output\Unity-Technologies\mono\mono\metadata\icall.c:1842:
C:\build\output\Unity-Technologies\mono\mono\metadata\icall.c:1842:
Symbol file LoadedFromMemory doesn't match image C:\Users\ihsan\OneDrive\Desktop\Uni\Modules\YEAR 3\Game Dev\Survival-Craft-Game\Library\PackageCache\com.unity.visualscripting@1.8.0\Editor\VisualScripting.Core\Dependencies\YamlDotNet\Unity.VisualScripting.YamlDotNet.dll
Symbol file LoadedFromMemory doesn't match image C:\Users\ihsan\OneDrive\Desktop\Uni\Modules\YEAR 3\Game Dev\Survival-Craft-Game\Library\PackageCache\com.unity.visualscripting@1.8.0\Editor\VisualScripting.Core\Dependencies\DotNetZip\Unity.VisualScripting.IonicZip.dll
- Loaded All Assemblies, in  1.556 seconds
Refreshing native plugins compatible for Editor in 12.40 ms, found 3 plugins.
Native extension for WindowsStandalone target not found
Native extension for WebGL target not found
Mono: successfully reloaded assembly
- Finished resetting the current domain, in  0.783 seconds
Domain Reload Profiling: 2306ms
	BeginReloadAssembly (410ms)
		ExecutionOrderSort (0ms)
		DisableScriptedObjects (6ms)
		BackupInstance (0ms)
		ReleaseScriptingObjects (0ms)
		CreateAndSetChildDomain (33ms)
	RebuildCommonClasses (49ms)
	RebuildNativeTypeToScriptingClass (15ms)
	initialDomainReloadingComplete (82ms)
	LoadAllAssembliesAndSetupDomain (968ms)
		LoadAssemblies (711ms)
		RebuildTransferFunctionScriptingTraits (0ms)
		AnalyzeDomain (401ms)
			TypeCache.Refresh (382ms)
				TypeCache.ScanAssembly (365ms)
			ScanForSourceGeneratedMonoScriptInfo (14ms)
			ResolveRequiredComponents (5ms)
	FinalizeReload (784ms)
		ReleaseScriptCaches (0ms)
		RebuildScriptCaches (0ms)
		SetupLoadedEditorAssemblies (557ms)
			LogAssemblyErrors (0ms)
			InitializePlatformSupportModulesInManaged (14ms)
			SetLoadedEditorAssemblies (4ms)
			BeforeProcessingInitializeOnLoad (146ms)
			ProcessInitializeOnLoadAttributes (338ms)
			ProcessInitializeOnLoadMethodAttributes (21ms)
			AfterProcessingInitializeOnLoad (34ms)
			EditorAssembliesLoaded (0ms)
		ExecutionOrderSort2 (0ms)
		AwakeInstancesAfterBackupRestoration (13ms)
Failed to load shader (instanceID 408, GUID 9189229324e2342b8b69f7c1904dceba)
Failed to load shader (instanceID 430, GUID ec6c5af987867f54aa08fba81ee279bd)
Failed to load shader (instanceID 444, GUID 6ab8493603d8f8e408750b81666a95f1)
Failed to load shader (instanceID 446, GUID d248d4d1588851f43a9fa18a4e6f0209)
Failed to load shader (instanceID 432, GUID 4ceb73bc148699b469361531d6062548)
Failed to load shader (instanceID 422, GUID 7d89469544dfa214eabdbf37fca76f40)
Failed to load shader (instanceID 424, GUID ac8ed710934a3564686a096bb351caee)
Failed to load shader (instanceID 414, GUID 291f0d5b6045f4646847c59b4ce13ac5)
Failed to load shader (instanceID 440, GUID e881ae5627d1cc84395303acfbca6fb2)
Failed to load shader (instanceID 448, GUID 8ce0a6f4c8cae334d8a5617f302b6769)
Failed to load shader (instanceID 426, GUID 965efa32cf2345647a1c987546e08f86)
Failed to load shader (instanceID 418, GUID 4bf49309c7ab9eb42a86774d2c09b4fa)
Failed to load shader (instanceID 412, GUID 2a72fc91cbae3cc4686a6143e8517993)
Failed to load shader (instanceID 436, GUID 1c4298cd35ef7834e892898e49d61ecd)
Failed to load shader (instanceID 438, GUID b1b2bfb2897659e45983f0c3e7dda2c8)
Failed to load shader (instanceID 434, GUID 5ae1bfc1dd20ac04e8b74aa0f2f12eea)
Failed to load shader (instanceID 416, GUID 72127ba7dd8c6b04bb3f29c7ee669813)
Failed to load shader (instanceID 420, GUID 8b3e43c50424ab2428a9c172843bc66d)
Failed to load shader (instanceID 428, GUID 81899cddfbc72494497a6db0ae045f2c)
Failed to load shader (instanceID 410, GUID 11852d1b1b034654bb03e7c8fda28fbf)
Failed to load shader (instanceID 442, GUID 607a5643efb168f429e438f7d6ad270a)
Launched and connected shader compiler UnityShaderCompiler.exe after 0.03 seconds
Refreshing native plugins compatible for Editor in 16.76 ms, found 3 plugins.
Preloading 0 native plugins for Editor in 0.00 ms.
Unloading 3105 Unused Serialized files (Serialized files now loaded: 0)
Unloading 33 unused Assets / (105.3 KB). Loaded Objects now: 3673.
Memory consumption went from 139.1 MB to 139.0 MB.
Total: 5.261100 ms (FindLiveObjects: 0.303100 ms CreateObjectMapping: 0.087500 ms MarkObjects: 4.684600 ms  DeleteObjects: 0.184100 ms)

AssetImportParameters requested are different than current active one (requested -> active):
  custom:video-decoder-webm-vp8: 9c59270c3fd7afecdb556c50c9e8de78 -> 
  custom:SearchIndexIgnoredProperties: e643bd26f0fe6173181afceb89e7c659 -> 
  custom:audio-encoder-webm-vorbis: bf7c407c2cedff20999df2af8eb42d56 -> 
  custom:AudioImporter_EditorPlatform: d09bf68614088b80899f8185d706f6e7 -> 
  custom:audio-decoder-ogg-vorbis: bf7c407c2cedff20999df2af8eb42d56 -> 
  custom:video-encoder-webm-vp8: eb34c28f22e8b96e1ab97ce403110664 -> 
  custom:container-demuxer-ogg: 62fdf1f143b41e24485cea50d1cbac27 -> 
  custom:framework-win-MediaFoundation: 216162199b28c13a410421893ffa2e32 -> 
  custom:video-decoder-ogg-theora: a1e56fd34408186e4bbccfd4996cb3dc -> 
  custom:container-muxer-webm: aa71ff27fc2769a1b78a27578f13a17b -> 
  custom:CustomObjectIndexerAttribute: 756ad292c208cfabdd7b50bc23989ffe -> 
  custom:container-demuxer-webm: 4f35f7cbe854078d1ac9338744f61a02 -> 
========================================================================
Received Import Request.
  Time since last request: 361739.298573 seconds.
  path: Assets/IdleState.cs
  artifactKey: Guid(b9918d15fb873bb4c86d05cd9d3a7804) Importer(815301076,1909f56bfc062723c751e8b465ee728b)
Start importing Assets/IdleState.cs using Guid(b9918d15fb873bb4c86d05cd9d3a7804) Importer(815301076,1909f56bfc062723c751e8b465ee728b)  -> (artifact id: 'f6efc54732be71aaea4c77e3832127b2') in 0.002610 seconds
Number of updated asset objects reloaded before import = 0
Number of asset objects unloaded after import = 0
========================================================================
Received Import Request.
  Time since last request: 0.000020 seconds.
  path: Assets/PatrolState.cs
  artifactKey: Guid(43b41dbfb4c0a914baeadeb338c011d3) Importer(815301076,1909f56bfc062723c751e8b465ee728b)
Start importing Assets/PatrolState.cs using Guid(43b41dbfb4c0a914baeadeb338c011d3) Importer(815301076,1909f56bfc062723c751e8b465ee728b)  -> (artifact id: '3e07746f320630e7507409fb64b3724c') in 0.000723 seconds
Number of updated asset objects reloaded before import = 0
Number of asset objects unloaded after import = 0
========================================================================
Received Prepare
Begin MonoManager ReloadAssembly
C:\build\output\Unity-Technologies\mono\mono\metadata\icall.c:1842:
C:\build\output\Unity-Technologies\mono\mono\metadata\icall.c:1842:
C:\build\output\Unity-Technologies\mono\mono\metadata\icall.c:1842:
C:\build\output\Unity-Technologies\mono\mono\metadata\icall.c:1842:
C:\build\output\Unity-Technologies\mono\mono\metadata\icall.c:1842:
C:\build\output\Unity-Technologies\mono\mono\metadata\icall.c:1842:
C:\build\output\Unity-Technologies\mono\mono\metadata\icall.c:1842:
C:\build\output\Unity-Technologies\mono\mono\metadata\icall.c:1842:
C:\build\output\Unity-Technologies\mono\mono\metadata\icall.c:1842:
C:\build\output\Unity-Technologies\mono\mono\metadata\icall.c:1842:
C:\build\output\Unity-Technologies\mono\mono\metadata\icall.c:1842:
C:\build\output\Unity-Technologies\mono\mono\metadata\icall.c:1842:
Symbol file LoadedFromMemory doesn't match image C:\Users\ihsan\OneDrive\Desktop\Uni\Modules\YEAR 3\Game Dev\Survival-Craft-Game\Library\PackageCache\com.unity.visualscripting@1.8.0\Editor\VisualScripting.Core\Dependencies\YamlDotNet\Unity.VisualScripting.YamlDotNet.dll
Symbol file LoadedFromMemory doesn't match image C:\Users\ihsan\OneDrive\Desktop\Uni\Modules\YEAR 3\Game Dev\Survival-Craft-Game\Library\PackageCache\com.unity.visualscripting@1.8.0\Editor\VisualScripting.Core\Dependencies\DotNetZip\Unity.VisualScripting.IonicZip.dll
- Loaded All Assemblies, in  1.152 seconds
Refreshing native plugins compatible for Editor in 12.24 ms, found 3 plugins.
Native extension for WindowsStandalone target not found
Native extension for WebGL target not found
Mono: successfully reloaded assembly
- Finished resetting the current domain, in  1.503 seconds
Domain Reload Profiling: 2629ms
	BeginReloadAssembly (259ms)
		ExecutionOrderSort (0ms)
		DisableScriptedObjects (5ms)
		BackupInstance (0ms)
		ReleaseScriptingObjects (0ms)
		CreateAndSetChildDomain (47ms)
	RebuildCommonClasses (44ms)
	RebuildNativeTypeToScriptingClass (15ms)
	initialDomainReloadingComplete (56ms)
	LoadAllAssembliesAndSetupDomain (752ms)
		LoadAssemblies (572ms)
		RebuildTransferFunctionScriptingTraits (0ms)
		AnalyzeDomain (301ms)
			TypeCache.Refresh (296ms)
				TypeCache.ScanAssembly (286ms)
			ScanForSourceGeneratedMonoScriptInfo (0ms)
			ResolveRequiredComponents (4ms)
	FinalizeReload (1503ms)
		ReleaseScriptCaches (0ms)
		RebuildScriptCaches (0ms)
		SetupLoadedEditorAssemblies (451ms)
			LogAssemblyErrors (0ms)
			InitializePlatformSupportModulesInManaged (11ms)
			SetLoadedEditorAssemblies (3ms)
			BeforeProcessingInitializeOnLoad (123ms)
			ProcessInitializeOnLoadAttributes (266ms)
			ProcessInitializeOnLoadMethodAttributes (20ms)
			AfterProcessingInitializeOnLoad (28ms)
			EditorAssembliesLoaded (0ms)
		ExecutionOrderSort2 (0ms)
		AwakeInstancesAfterBackupRestoration (9ms)
Failed to load shader (instanceID 408, GUID 9189229324e2342b8b69f7c1904dceba)
Failed to load shader (instanceID 430, GUID ec6c5af987867f54aa08fba81ee279bd)
Failed to load shader (instanceID 444, GUID 6ab8493603d8f8e408750b81666a95f1)
Failed to load shader (instanceID 446, GUID d248d4d1588851f43a9fa18a4e6f0209)
Failed to load shader (instanceID 432, GUID 4ceb73bc148699b469361531d6062548)
Failed to load shader (instanceID 422, GUID 7d89469544dfa214eabdbf37fca76f40)
Failed to load shader (instanceID 424, GUID ac8ed710934a3564686a096bb351caee)
Failed to load shader (instanceID 414, GUID 291f0d5b6045f4646847c59b4ce13ac5)
Failed to load shader (instanceID 440, GUID e881ae5627d1cc84395303acfbca6fb2)
Failed to load shader (instanceID 448, GUID 8ce0a6f4c8cae334d8a5617f302b6769)
Failed to load shader (instanceID 426, GUID 965efa32cf2345647a1c987546e08f86)
Failed to load shader (instanceID 418, GUID 4bf49309c7ab9eb42a86774d2c09b4fa)
Failed to load shader (instanceID 412, GUID 2a72fc91cbae3cc4686a6143e8517993)
Failed to load shader (instanceID 436, GUID 1c4298cd35ef7834e892898e49d61ecd)
Failed to load shader (instanceID 438, GUID b1b2bfb2897659e45983f0c3e7dda2c8)
Failed to load shader (instanceID 434, GUID 5ae1bfc1dd20ac04e8b74aa0f2f12eea)
Failed to load shader (instanceID 416, GUID 72127ba7dd8c6b04bb3f29c7ee669813)
Failed to load shader (instanceID 420, GUID 8b3e43c50424ab2428a9c172843bc66d)
Failed to load shader (instanceID 428, GUID 81899cddfbc72494497a6db0ae045f2c)
Failed to load shader (instanceID 410, GUID 11852d1b1b034654bb03e7c8fda28fbf)
Failed to load shader (instanceID 442, GUID 607a5643efb168f429e438f7d6ad270a)
Refreshing native plugins compatible for Editor in 13.55 ms, found 3 plugins.
Preloading 0 native plugins for Editor in 0.00 ms.
Unloading 3098 Unused Serialized files (Serialized files now loaded: 0)
Unloading 23 unused Assets / (81.2 KB). Loaded Objects now: 3674.
Memory consumption went from 137.7 MB to 137.7 MB.
Total: 3.508200 ms (FindLiveObjects: 0.278500 ms CreateObjectMapping: 0.086700 ms MarkObjects: 3.033200 ms  DeleteObjects: 0.108700 ms)

Prepare: number of updated asset objects reloaded= 0
AssetImportParameters requested are different than current active one (requested -> active):
  custom:video-decoder-webm-vp8: 9c59270c3fd7afecdb556c50c9e8de78 -> 
  custom:SearchIndexIgnoredProperties: e643bd26f0fe6173181afceb89e7c659 -> 
  custom:audio-encoder-webm-vorbis: bf7c407c2cedff20999df2af8eb42d56 -> 
  custom:AudioImporter_EditorPlatform: d09bf68614088b80899f8185d706f6e7 -> 
  custom:audio-decoder-ogg-vorbis: bf7c407c2cedff20999df2af8eb42d56 -> 
  custom:video-encoder-webm-vp8: eb34c28f22e8b96e1ab97ce403110664 -> 
  custom:container-demuxer-ogg: 62fdf1f143b41e24485cea50d1cbac27 -> 
  custom:framework-win-MediaFoundation: 216162199b28c13a410421893ffa2e32 -> 
  custom:video-decoder-ogg-theora: a1e56fd34408186e4bbccfd4996cb3dc -> 
  custom:container-muxer-webm: aa71ff27fc2769a1b78a27578f13a17b -> 
  custom:CustomObjectIndexerAttribute: 756ad292c208cfabdd7b50bc23989ffe -> 
  custom:container-demuxer-webm: 4f35f7cbe854078d1ac9338744f61a02 -> 
========================================================================
Received Import Request.
  Time since last request: 99.934114 seconds.
  path: Assets/FourEvilDragonsHP/Animators/Nightmare.controller
  artifactKey: Guid(2487af071a37ed146ad2bb80e303bfcd) Importer(815301076,1909f56bfc062723c751e8b465ee728b)
Start importing Assets/FourEvilDragonsHP/Animators/Nightmare.controller using Guid(2487af071a37ed146ad2bb80e303bfcd) Importer(815301076,1909f56bfc062723c751e8b465ee728b)  -> (artifact id: '80ad3db554ea7893f5ea3de36e7f7036') in 0.020714 seconds
Number of updated asset objects reloaded before import = 0
Number of asset objects unloaded after import = 10
========================================================================
Received Import Request.
  Time since last request: 111.741537 seconds.
  path: Assets/GreenForest/Prefabs/Bush.prefab
  artifactKey: Guid(2be77bb4f428b5a478f1c6db20ca830c) Importer(815301076,1909f56bfc062723c751e8b465ee728b)
Start importing Assets/GreenForest/Prefabs/Bush.prefab using Guid(2be77bb4f428b5a478f1c6db20ca830c) Importer(815301076,1909f56bfc062723c751e8b465ee728b)  -> (artifact id: '239f4f0cc977899a65732d14a16aafdf') in 0.001133 seconds
Number of updated asset objects reloaded before import = 0
Number of asset objects unloaded after import = 0
========================================================================
Received Import Request.
  Time since last request: 0.000040 seconds.
  path: Assets/GreenForest/Prefabs/CutedTree1.prefab
  artifactKey: Guid(93708c99868319d459bfeab2d57470d0) Importer(815301076,1909f56bfc062723c751e8b465ee728b)
Start importing Assets/GreenForest/Prefabs/CutedTree1.prefab using Guid(93708c99868319d459bfeab2d57470d0) Importer(815301076,1909f56bfc062723c751e8b465ee728b)  -> (artifact id: 'f4c62f5cccac29c9fc4158b8a744de8f') in 0.001069 seconds
Number of updated asset objects reloaded before import = 0
Number of asset objects unloaded after import = 0
========================================================================
Received Import Request.
  Time since last request: 0.000038 seconds.
  path: Assets/GreenForest/Prefabs/DetileStone1.prefab
  artifactKey: Guid(a9bf6ae674164584d8b3b1cda3d43d16) Importer(815301076,1909f56bfc062723c751e8b465ee728b)
Start importing Assets/GreenForest/Prefabs/DetileStone1.prefab using Guid(a9bf6ae674164584d8b3b1cda3d43d16) Importer(815301076,1909f56bfc062723c751e8b465ee728b)  -> (artifact id: 'eebfb4f2ae3f6864bf18047873389383') in 0.000946 seconds
Number of updated asset objects reloaded before import = 0
Number of asset objects unloaded after import = 0
========================================================================
Received Import Request.
  Time since last request: 0.000024 seconds.
  path: Assets/GreenForest/Prefabs/NewBrush.brush
  artifactKey: Guid(c2ca2657f0e2d3240bb5ec8732de3972) Importer(815301076,1909f56bfc062723c751e8b465ee728b)
Start importing Assets/GreenForest/Prefabs/NewBrush.brush using Guid(c2ca2657f0e2d3240bb5ec8732de3972) Importer(815301076,1909f56bfc062723c751e8b465ee728b)  -> (artifact id: 'a06f6b796f7764063cf2c5b2ef729fbb') in 0.055119 seconds
Number of updated asset objects reloaded before import = 0
Number of asset objects unloaded after import = 1
========================================================================
Received Import Request.
  Time since last request: 0.000022 seconds.
  path: Assets/GreenForest/Prefabs/Oak3.prefab
  artifactKey: Guid(7fb9de00641f3164fbbd9087e54dac78) Importer(815301076,1909f56bfc062723c751e8b465ee728b)
Start importing Assets/GreenForest/Prefabs/Oak3.prefab using Guid(7fb9de00641f3164fbbd9087e54dac78) Importer(815301076,1909f56bfc062723c751e8b465ee728b)  -> (artifact id: '3f0b382b52dc8ce9c87dbb8b0dab464f') in 0.001565 seconds
Number of updated asset objects reloaded before import = 0
Number of asset objects unloaded after import = 0
========================================================================
Received Import Request.
  Time since last request: 0.000048 seconds.
  path: Assets/GreenForest/Prefabs/OakCut.prefab
  artifactKey: Guid(189d32eedfaefa141a89c5e127519df1) Importer(815301076,1909f56bfc062723c751e8b465ee728b)
Start importing Assets/GreenForest/Prefabs/OakCut.prefab using Guid(189d32eedfaefa141a89c5e127519df1) Importer(815301076,1909f56bfc062723c751e8b465ee728b)  -> (artifact id: '515b9aa44312817027eb31d5950c4dbc') in 0.001316 seconds
Number of updated asset objects reloaded before import = 0
Number of asset objects unloaded after import = 0
========================================================================
Received Import Request.
  Time since last request: 0.000050 seconds.
  path: Assets/GreenForest/Prefabs/PineBrunchMesh.prefab
  artifactKey: Guid(4246c6137e4509b42a97d1017bfc2e1e) Importer(815301076,1909f56bfc062723c751e8b465ee728b)
Start importing Assets/GreenForest/Prefabs/PineBrunchMesh.prefab using Guid(4246c6137e4509b42a97d1017bfc2e1e) Importer(815301076,1909f56bfc062723c751e8b465ee728b)  -> (artifact id: '06eecad01d3568c2122feb0d29cc1321') in 0.001239 seconds
Number of updated asset objects reloaded before import = 0
Number of asset objects unloaded after import = 0
========================================================================
Received Import Request.
  Time since last request: 0.000035 seconds.
  path: Assets/GreenForest/Prefabs/Pinetree4.prefab
  artifactKey: Guid(c374ae98c156d424a8e6cd42fd223c67) Importer(815301076,1909f56bfc062723c751e8b465ee728b)
Start importing Assets/GreenForest/Prefabs/Pinetree4.prefab using Guid(c374ae98c156d424a8e6cd42fd223c67) Importer(815301076,1909f56bfc062723c751e8b465ee728b)  -> (artifact id: 'a801732d488e9862f58b5ef7dea0ab87') in 0.001311 seconds
Number of updated asset objects reloaded before import = 0
Number of asset objects unloaded after import = 0
========================================================================
Received Import Request.
  Time since last request: 0.000034 seconds.
  path: Assets/GreenForest/Prefabs/Rock.prefab
  artifactKey: Guid(6ddeee0246fceb04f9850d21a33dfc40) Importer(815301076,1909f56bfc062723c751e8b465ee728b)
Start importing Assets/GreenForest/Prefabs/Rock.prefab using Guid(6ddeee0246fceb04f9850d21a33dfc40) Importer(815301076,1909f56bfc062723c751e8b465ee728b)  -> (artifact id: '1da459ae6cc2bfca270e143ba16ec6d3') in 0.001010 seconds
Number of updated asset objects reloaded before import = 0
Number of asset objects unloaded after import = 0
========================================================================
Received Import Request.
  Time since last request: 0.000066 seconds.
  path: Assets/GreenForest/Prefabs/Rock2.prefab
  artifactKey: Guid(bde7b025bc1456144b3e056046aa172f) Importer(815301076,1909f56bfc062723c751e8b465ee728b)
Start importing Assets/GreenForest/Prefabs/Rock2.prefab using Guid(bde7b025bc1456144b3e056046aa172f) Importer(815301076,1909f56bfc062723c751e8b465ee728b)  -> (artifact id: '79fe7d0a6acd1a1d239fd1a08feb327c') in 0.001165 seconds
Number of updated asset objects reloaded before import = 0
Number of asset objects unloaded after import = 0
========================================================================
Received Import Request.
  Time since last request: 0.000044 seconds.
  path: Assets/GreenForest/Prefabs/Root1.prefab
  artifactKey: Guid(e3107906af530ca408371f305a851fe9) Importer(815301076,1909f56bfc062723c751e8b465ee728b)
Start importing Assets/GreenForest/Prefabs/Root1.prefab using Guid(e3107906af530ca408371f305a851fe9) Importer(815301076,1909f56bfc062723c751e8b465ee728b)  -> (artifact id: '9e814d49954722630690720176892161') in 0.001201 seconds
Number of updated asset objects reloaded before import = 0
Number of asset objects unloaded after import = 0
========================================================================
Received Import Request.
  Time since last request: 0.000041 seconds.
  path: Assets/GreenForest/Prefabs/Root3.prefab
  artifactKey: Guid(1b8c539911f94734da286d66ee1161c9) Importer(815301076,1909f56bfc062723c751e8b465ee728b)
Start importing Assets/GreenForest/Prefabs/Root3.prefab using Guid(1b8c539911f94734da286d66ee1161c9) Importer(815301076,1909f56bfc062723c751e8b465ee728b)  -> (artifact id: 'e845682c7b91795d77719b40b72201e6') in 0.001050 seconds
Number of updated asset objects reloaded before import = 0
Number of asset objects unloaded after import = 0
========================================================================
Received Import Request.
  Time since last request: 0.000042 seconds.
  path: Assets/GreenForest/Prefabs/Smalltree.prefab
  artifactKey: Guid(2a94a36b014ef564ab23afa2bb882842) Importer(815301076,1909f56bfc062723c751e8b465ee728b)
Start importing Assets/GreenForest/Prefabs/Smalltree.prefab using Guid(2a94a36b014ef564ab23afa2bb882842) Importer(815301076,1909f56bfc062723c751e8b465ee728b)  -> (artifact id: 'ae20df71828ef23244cddb7ad98250f1') in 0.000965 seconds
Number of updated asset objects reloaded before import = 0
Number of asset objects unloaded after import = 0
========================================================================
Received Import Request.
  Time since last request: 0.000037 seconds.
  path: Assets/GreenForest/Prefabs/Rock1.prefab
  artifactKey: Guid(c0838fbfe1d3ce946ad71c8f92245ba9) Importer(815301076,1909f56bfc062723c751e8b465ee728b)
Start importing Assets/GreenForest/Prefabs/Rock1.prefab using Guid(c0838fbfe1d3ce946ad71c8f92245ba9) Importer(815301076,1909f56bfc062723c751e8b465ee728b)  -> (artifact id: 'af6e57f6d81c5ba5e35578cedd31a094') in 0.001034 seconds
Number of updated asset objects reloaded before import = 0
Number of asset objects unloaded after import = 0
========================================================================
Received Import Request.
  Time since last request: 0.000026 seconds.
  path: Assets/GreenForest/Prefabs/Stone2.prefab
  artifactKey: Guid(26eafa9e5b2bfd14aab730e76ce9cc4f) Importer(815301076,1909f56bfc062723c751e8b465ee728b)
Start importing Assets/GreenForest/Prefabs/Stone2.prefab using Guid(26eafa9e5b2bfd14aab730e76ce9cc4f) Importer(815301076,1909f56bfc062723c751e8b465ee728b)  -> (artifact id: '9bbcdbee4f6dfd77f6f23560ab9ae0c9') in 0.001100 seconds
Number of updated asset objects reloaded before import = 0
Number of asset objects unloaded after import = 0
========================================================================
Received Import Request.
  Time since last request: 0.000036 seconds.
  path: Assets/GreenForest/Prefabs/Stone4.prefab
  artifactKey: Guid(2315b1d08f67fa74488382cea98ddeb8) Importer(815301076,1909f56bfc062723c751e8b465ee728b)
Start importing Assets/GreenForest/Prefabs/Stone4.prefab using Guid(2315b1d08f67fa74488382cea98ddeb8) Importer(815301076,1909f56bfc062723c751e8b465ee728b)  -> (artifact id: '1436c654dca6ed8d0ebf6a7e0de2fc3c') in 0.001152 seconds
Number of updated asset objects reloaded before import = 0
Number of asset objects unloaded after import = 0
========================================================================
Received Import Request.
  Time since last request: 0.000031 seconds.
  path: Assets/GreenForest/Prefabs/Stone6.prefab
  artifactKey: Guid(4abf7ff10f3145b4dac275a2ce55eb29) Importer(815301076,1909f56bfc062723c751e8b465ee728b)
Start importing Assets/GreenForest/Prefabs/Stone6.prefab using Guid(4abf7ff10f3145b4dac275a2ce55eb29) Importer(815301076,1909f56bfc062723c751e8b465ee728b)  -> (artifact id: 'edcf0aa483937a5cdc3e5ea1a95e2dcc') in 0.001290 seconds
Number of updated asset objects reloaded before import = 0
Number of asset objects unloaded after import = 0
========================================================================
Received Import Request.
  Time since last request: 0.000112 seconds.
  path: Assets/GreenForest/Prefabs/Stone8.prefab
  artifactKey: Guid(7101acdd61a18104f89ff12d2f41916e) Importer(815301076,1909f56bfc062723c751e8b465ee728b)
Start importing Assets/GreenForest/Prefabs/Stone8.prefab using Guid(7101acdd61a18104f89ff12d2f41916e) Importer(815301076,1909f56bfc062723c751e8b465ee728b)  -> (artifact id: '5e01c72f778a86190da2c638ca1b442c') in 0.001389 seconds
Number of updated asset objects reloaded before import = 0
Number of asset objects unloaded after import = 0
========================================================================
Received Import Request.
  Time since last request: 0.000037 seconds.
  path: Assets/GreenForest/Prefabs/Stone10.prefab
  artifactKey: Guid(ad79fc8eebd25b248a7145b981b3d340) Importer(815301076,1909f56bfc062723c751e8b465ee728b)
Start importing Assets/GreenForest/Prefabs/Stone10.prefab using Guid(ad79fc8eebd25b248a7145b981b3d340) Importer(815301076,1909f56bfc062723c751e8b465ee728b)  -> (artifact id: 'b69fc0ac4bfbe6056431a07a9a876bf4') in 0.001269 seconds
Number of updated asset objects reloaded before import = 0
Number of asset objects unloaded after import = 0
========================================================================
Received Import Request.
  Time since last request: 0.000039 seconds.
  path: Assets/GreenForest/Prefabs/Stone12.prefab
  artifactKey: Guid(727ac10d4cb80fa49b7cea721fd86c4f) Importer(815301076,1909f56bfc062723c751e8b465ee728b)
Start importing Assets/GreenForest/Prefabs/Stone12.prefab using Guid(727ac10d4cb80fa49b7cea721fd86c4f) Importer(815301076,1909f56bfc062723c751e8b465ee728b)  -> (artifact id: 'b267ab8c46694fa33257b604fcd1b890') in 0.001057 seconds
Number of updated asset objects reloaded before import = 0
Number of asset objects unloaded after import = 0
========================================================================
Received Import Request.
  Time since last request: 0.000137 seconds.
  path: Assets/GreenForest/Prefabs/Stone14.prefab
  artifactKey: Guid(c08128a9c9256e54ab1ae95cad25b7c0) Importer(815301076,1909f56bfc062723c751e8b465ee728b)
Start importing Assets/GreenForest/Prefabs/Stone14.prefab using Guid(c08128a9c9256e54ab1ae95cad25b7c0) Importer(815301076,1909f56bfc062723c751e8b465ee728b)  -> (artifact id: '759369008dd1cfe94112e82b55fd2440') in 0.001224 seconds
Number of updated asset objects reloaded before import = 0
Number of asset objects unloaded after import = 0
========================================================================
Received Import Request.
  Time since last request: 0.000197 seconds.
  path: Assets/GreenForest/Prefabs/Tree2.prefab
  artifactKey: Guid(0a4e0de82681d82499f918d46de9cb0b) Importer(815301076,1909f56bfc062723c751e8b465ee728b)
Start importing Assets/GreenForest/Prefabs/Tree2.prefab using Guid(0a4e0de82681d82499f918d46de9cb0b) Importer(815301076,1909f56bfc062723c751e8b465ee728b)  -> (artifact id: 'ccb9d0d7fb6582fbecc42e7ae0fbfa4a') in 0.001216 seconds
Number of updated asset objects reloaded before import = 0
Number of asset objects unloaded after import = 0
========================================================================
Received Import Request.
  Time since last request: 31.339981 seconds.
  path: Assets/FourEvilDragonsHP/Animations/DragonUsurper/attackFlame.fbx
  artifactKey: Guid(f3c4af16992f14c43a050675b9be2f68) Importer(815301076,1909f56bfc062723c751e8b465ee728b)
Start importing Assets/FourEvilDragonsHP/Animations/DragonUsurper/attackFlame.fbx using Guid(f3c4af16992f14c43a050675b9be2f68) Importer(815301076,1909f56bfc062723c751e8b465ee728b)  -> (artifact id: '4604e003ef6f7193d0ed2c50777e709c') in 0.365638 seconds
Number of updated asset objects reloaded before import = 0
Number of asset objects unloaded after import = 249
========================================================================
Received Import Request.
  Time since last request: 0.000024 seconds.
  path: Assets/FourEvilDragonsHP/Animations/DragonSoulEater/Basic Attack.fbx
  artifactKey: Guid(5d9efb65c776b714fb5123711f07de0c) Importer(815301076,1909f56bfc062723c751e8b465ee728b)
Start importing Assets/FourEvilDragonsHP/Animations/DragonSoulEater/Basic Attack.fbx using Guid(5d9efb65c776b714fb5123711f07de0c) Importer(815301076,1909f56bfc062723c751e8b465ee728b)  -> (artifact id: 'c289dba5defe02a85e6dd4fdf0a3616c') in 0.026756 seconds
Number of updated asset objects reloaded before import = 0
Number of asset objects unloaded after import = 133
========================================================================
Received Import Request.
  Time since last request: 0.000031 seconds.
  path: Assets/FourEvilDragonsHP/Prefab/DragonUsurper/Blue.prefab
  artifactKey: Guid(445a5c29e7f715947b713a753f242af0) Importer(815301076,1909f56bfc062723c751e8b465ee728b)
Start importing Assets/FourEvilDragonsHP/Prefab/DragonUsurper/Blue.prefab using Guid(445a5c29e7f715947b713a753f242af0) Importer(815301076,1909f56bfc062723c751e8b465ee728b)  -> (artifact id: '391f6199b231a9e982058a7acee903da') in 0.134290 seconds
Internal: There are remaining Allocations on the JobTempAlloc. This is a leak, and will impact performance
To Debug, run app with -diag-job-temp-memory-leak-validation cmd line argument. This will output the callstacks of the leaked allocations.
Number of updated asset objects reloaded before import = 0
Number of asset objects unloaded after import = 306
========================================================================
Received Import Request.
  Time since last request: 0.000025 seconds.
  path: Assets/FourEvilDragonsHP/Prefab/DragonSoulEater/Blue.prefab
  artifactKey: Guid(c644a2181ac22e740968a7ece97e8f36) Importer(815301076,1909f56bfc062723c751e8b465ee728b)
Start importing Assets/FourEvilDragonsHP/Prefab/DragonSoulEater/Blue.prefab using Guid(c644a2181ac22e740968a7ece97e8f36) Importer(815301076,1909f56bfc062723c751e8b465ee728b)  -> (artifact id: 'ed34272d61caf9b5cbf83a4647a9c6c7') in 0.053979 seconds
Internal: There are remaining Allocations on the JobTempAlloc. This is a leak, and will impact performance
To Debug, run app with -diag-job-temp-memory-leak-validation cmd line argument. This will output the callstacks of the leaked allocations.
Number of updated asset objects reloaded before import = 0
Number of asset objects unloaded after import = 187
========================================================================
Received Import Request.
  Time since last request: 3.917975 seconds.
  path: Assets/GreenForest/Nature/Foliage/Oak1Dry.FBX
  artifactKey: Guid(7d5b2f12db5769d4eaf9c4734cf81835) Importer(815301076,1909f56bfc062723c751e8b465ee728b)
Start importing Assets/GreenForest/Nature/Foliage/Oak1Dry.FBX using Guid(7d5b2f12db5769d4eaf9c4734cf81835) Importer(815301076,1909f56bfc062723c751e8b465ee728b)  -> (artifact id: 'a4862e827f1e5507f67abdf56ae64b47') in 0.001952 seconds
Internal: There are remaining Allocations on the JobTempAlloc. This is a leak, and will impact performance
To Debug, run app with -diag-job-temp-memory-leak-validation cmd line argument. This will output the callstacks of the leaked allocations.
Number of updated asset objects reloaded before import = 0
Number of asset objects unloaded after import = 0
========================================================================
Received Import Request.
  Time since last request: 0.000380 seconds.
  path: Assets/GreenForest/Nature/Foliage/Oak3.FBX
  artifactKey: Guid(647d3e12fafb4604399fbbad9bda0af5) Importer(815301076,1909f56bfc062723c751e8b465ee728b)
Start importing Assets/GreenForest/Nature/Foliage/Oak3.FBX using Guid(647d3e12fafb4604399fbbad9bda0af5) Importer(815301076,1909f56bfc062723c751e8b465ee728b)  -> (artifact id: '4fa4f2a5c26e802599d23a2a3f4ea2e9') in 0.001399 seconds
Internal: There are remaining Allocations on the JobTempAlloc. This is a leak, and will impact performance
To Debug, run app with -diag-job-temp-memory-leak-validation cmd line argument. This will output the callstacks of the leaked allocations.
Number of updated asset objects reloaded before import = 0
Number of asset objects unloaded after import = 0
========================================================================
Received Import Request.
  Time since last request: 5.581711 seconds.
  path: Assets/GreenForest/Nature/Modular Trees/Bush1.prefab
  artifactKey: Guid(c7168d43100af6a4dadae1b4e5919efa) Importer(815301076,1909f56bfc062723c751e8b465ee728b)
Start importing Assets/GreenForest/Nature/Modular Trees/Bush1.prefab using Guid(c7168d43100af6a4dadae1b4e5919efa) Importer(815301076,1909f56bfc062723c751e8b465ee728b)  -> (artifact id: 'bf3b1cb5587446ab5f24ffc0956ffc2c') in 0.002261 seconds
Internal: JobTempAlloc has allocations that are more than the maximum lifespan of 4 frames old - this is not allowed and likely a leak
To Debug, run app with -diag-job-temp-memory-leak-validation cmd line argument. This will output the callstacks of the leaked allocations.
Internal: There are remaining Allocations on the JobTempAlloc. This is a leak, and will impact performance
To Debug, run app with -diag-job-temp-memory-leak-validation cmd line argument. This will output the callstacks of the leaked allocations.
Number of updated asset objects reloaded before import = 0
Number of asset objects unloaded after import = 0
========================================================================
Received Import Request.
  Time since last request: 0.254311 seconds.
  path: Assets/GreenForest/Nature/Foliage/Bush2.FBX
  artifactKey: Guid(f3c36c90b7cf09e46967b5646dd3594d) Importer(815301076,1909f56bfc062723c751e8b465ee728b)
Start importing Assets/GreenForest/Nature/Foliage/Bush2.FBX using Guid(f3c36c90b7cf09e46967b5646dd3594d) Importer(815301076,1909f56bfc062723c751e8b465ee728b)  -> (artifact id: 'e1cb57cf5ba93d90710c1c69133a3240') in 0.001654 seconds
Internal: There are remaining Allocations on the JobTempAlloc. This is a leak, and will impact performance
To Debug, run app with -diag-job-temp-memory-leak-validation cmd line argument. This will output the callstacks of the leaked allocations.
Number of updated asset objects reloaded before import = 0
Number of asset objects unloaded after import = 0
========================================================================
Received Import Request.
  Time since last request: 0.072466 seconds.
  path: Assets/FourEvilDragonsHP/Animations/DragonNightMare/Claw Attack.fbx
  artifactKey: Guid(a8d68f882ac2f2f48982204cc9c22f27) Importer(815301076,1909f56bfc062723c751e8b465ee728b)
Start importing Assets/FourEvilDragonsHP/Animations/DragonNightMare/Claw Attack.fbx using Guid(a8d68f882ac2f2f48982204cc9c22f27) Importer(815301076,1909f56bfc062723c751e8b465ee728b)  -> (artifact id: '12d2fd22544adb784f750bc3769e048a') in 0.021723 seconds
Internal: There are remaining Allocations on the JobTempAlloc. This is a leak, and will impact performance
To Debug, run app with -diag-job-temp-memory-leak-validation cmd line argument. This will output the callstacks of the leaked allocations.
Number of updated asset objects reloaded before import = 0
Number of asset objects unloaded after import = 155
========================================================================
Received Import Request.
  Time since last request: 0.180256 seconds.
  path: Assets/GreenForest/Nature/Foliage/CutedTree2.FBX
  artifactKey: Guid(acd2e085b4979cd4896590ba4676bc12) Importer(815301076,1909f56bfc062723c751e8b465ee728b)
Start importing Assets/GreenForest/Nature/Foliage/CutedTree2.FBX using Guid(acd2e085b4979cd4896590ba4676bc12) Importer(815301076,1909f56bfc062723c751e8b465ee728b)  -> (artifact id: '7b2687bce4e808a16adb3ced6ec4f0ba') in 0.001424 seconds
Internal: There are remaining Allocations on the JobTempAlloc. This is a leak, and will impact performance
To Debug, run app with -diag-job-temp-memory-leak-validation cmd line argument. This will output the callstacks of the leaked allocations.
Number of updated asset objects reloaded before import = 0
Number of asset objects unloaded after import = 0
========================================================================
Received Import Request.
  Time since last request: 0.075369 seconds.
  path: Assets/FourEvilDragonsHP/Animations/DragonUsurper/Defend.fbx
  artifactKey: Guid(0cbecf51da098bb49a79d74e183a1695) Importer(815301076,1909f56bfc062723c751e8b465ee728b)
Start importing Assets/FourEvilDragonsHP/Animations/DragonUsurper/Defend.fbx using Guid(0cbecf51da098bb49a79d74e183a1695) Importer(815301076,1909f56bfc062723c751e8b465ee728b)  -> (artifact id: '638ac85fd0b09d76540a63b0538d63fd') in 0.026862 seconds
Internal: There are remaining Allocations on the JobTempAlloc. This is a leak, and will impact performance
To Debug, run app with -diag-job-temp-memory-leak-validation cmd line argument. This will output the callstacks of the leaked allocations.
Number of updated asset objects reloaded before import = 0
Number of asset objects unloaded after import = 249
========================================================================
Received Import Request.
  Time since last request: 3.942866 seconds.
  path: Assets/GreenForest/Nature/Modular Trees/Tree_Oak1.prefab
  artifactKey: Guid(a99f98807d4853b42beb91ff3e2ba0b6) Importer(815301076,1909f56bfc062723c751e8b465ee728b)
Start importing Assets/GreenForest/Nature/Modular Trees/Tree_Oak1.prefab using Guid(a99f98807d4853b42beb91ff3e2ba0b6) Importer(815301076,1909f56bfc062723c751e8b465ee728b)  -> (artifact id: 'd52885141ad81ca5f27e44bc34278d34') in 0.002640 seconds
Internal: There are remaining Allocations on the JobTempAlloc. This is a leak, and will impact performance
To Debug, run app with -diag-job-temp-memory-leak-validation cmd line argument. This will output the callstacks of the leaked allocations.
Number of updated asset objects reloaded before import = 0
Number of asset objects unloaded after import = 0
========================================================================
Received Import Request.
  Time since last request: 0.000013 seconds.
  path: Assets/GreenForest/Nature/Modular Trees/Tree_Oak2Dry.prefab
  artifactKey: Guid(387d02896b6bc5f44a6eaa656699538c) Importer(815301076,1909f56bfc062723c751e8b465ee728b)
Start importing Assets/GreenForest/Nature/Modular Trees/Tree_Oak2Dry.prefab using Guid(387d02896b6bc5f44a6eaa656699538c) Importer(815301076,1909f56bfc062723c751e8b465ee728b)  -> (artifact id: '76ee1cc91e77f8032ebd191d7e64a4b2') in 0.002791 seconds
Internal: There are remaining Allocations on the JobTempAlloc. This is a leak, and will impact performance
To Debug, run app with -diag-job-temp-memory-leak-validation cmd line argument. This will output the callstacks of the leaked allocations.
Number of updated asset objects reloaded before import = 0
Number of asset objects unloaded after import = 0
Editor requested this worker to shutdown with reason: Scaling down because of idle timeout
AssetImportWorker is now disconnected from the server
Process exiting
Exiting without the bug reporter. Application will terminate with return code 0